<?xml version="1.0" encoding="UTF-8"?>
<testsuite name="GameOfLife.GameOfLifeTest" tests="4" skipped="0" failures="0" errors="0" timestamp="2022-05-29T05:49:41" hostname="LENOVO" time="0.02">
  <properties/>
  <testcase name="testIsActiveCellMethodWorksWellForIndexWithoutActiveCell()" classname="GameOfLife.GameOfLifeTest" time="0.003"/>
  <testcase name="testGameOfLifeClassCanBeInitialized()" classname="GameOfLife.GameOfLifeTest" time="0.002"/>
  <testcase name="testIsActiveCellMethodWorksWellForIndexWithActiveCell()" classname="GameOfLife.GameOfLifeTest" time="0.006"/>
  <testcase name="testDirectionsAttributeIsAvailable()" classname="GameOfLife.GameOfLifeTest" time="0.004"/>
  <system-out><![CDATA[]]></system-out>
  <system-err><![CDATA[]]></system-err>
</testsuite>
