<?xml version="1.0" encoding="UTF-8"?>
<testsuite name="GameOfLife.BoardTest" tests="8" skipped="0" failures="0" errors="0" timestamp="2022-05-29T08:55:54" hostname="LENOVO" time="0.175">
  <properties/>
  <testcase name="testBoardClassCanBeInitializedWithDimensions()" classname="GameOfLife.BoardTest" time="0.087"/>
  <testcase name="testRowLengthIsAssignedCorrectly()" classname="GameOfLife.BoardTest" time="0.02"/>
  <testcase name="testIsValidIndexMethodWorksWellForValidIndex()" classname="GameOfLife.BoardTest" time="0.009"/>
  <testcase name="testBoardMatrixIsCreatedWithSpecifiedRowLength()" classname="GameOfLife.BoardTest" time="0.004"/>
  <testcase name="testBoardMatrixIsCreated()" classname="GameOfLife.BoardTest" time="0.008"/>
  <testcase name="testIsValidIndexMethodWorksWellForInValidIndex()" classname="GameOfLife.BoardTest" time="0.013"/>
  <testcase name="testBoardMatrixIsCreatedWithSpecifiedColumnLength()" classname="GameOfLife.BoardTest" time="0.012"/>
  <testcase name="testColumnLengthAssignedCorrectly()" classname="GameOfLife.BoardTest" time="0.003"/>
  <system-out><![CDATA[]]></system-out>
  <system-err><![CDATA[]]></system-err>
</testsuite>
