<?xml version="1.0" encoding="UTF-8"?>
<testsuite name="GameOfLife.BoardTest" tests="8" skipped="0" failures="0" errors="0" timestamp="2022-05-29T09:34:21" hostname="LENOVO" time="0.116">
  <properties/>
  <testcase name="testBoardClassCanBeInitializedWithDimensions()" classname="GameOfLife.BoardTest" time="0.063"/>
  <testcase name="testRowLengthIsAssignedCorrectly()" classname="GameOfLife.BoardTest" time="0.01"/>
  <testcase name="testIsValidIndexMethodWorksWellForValidIndex()" classname="GameOfLife.BoardTest" time="0.007"/>
  <testcase name="testBoardMatrixIsCreatedWithSpecifiedRowLength()" classname="GameOfLife.BoardTest" time="0.003"/>
  <testcase name="testBoardMatrixIsCreated()" classname="GameOfLife.BoardTest" time="0.006"/>
  <testcase name="testIsValidIndexMethodWorksWellForInValidIndex()" classname="GameOfLife.BoardTest" time="0.003"/>
  <testcase name="testBoardMatrixIsCreatedWithSpecifiedColumnLength()" classname="GameOfLife.BoardTest" time="0.003"/>
  <testcase name="testColumnLengthAssignedCorrectly()" classname="GameOfLife.BoardTest" time="0.002"/>
  <system-out><![CDATA[]]></system-out>
  <system-err><![CDATA[]]></system-err>
</testsuite>
