<?xml version="1.0" encoding="UTF-8"?>
<testsuite name="GameOfLife.BoardTest" tests="1" skipped="0" failures="0" errors="0" timestamp="2022-05-28T07:21:15" hostname="LENOVO" time="0.087">
  <properties/>
  <testcase name="testBoardClassCanBeInitializedWithDimensions()" classname="GameOfLife.BoardTest" time="0.087"/>
  <system-out><![CDATA[]]></system-out>
  <system-err><![CDATA[]]></system-err>
</testsuite>
