<?xml version="1.0" encoding="UTF-8"?>
<testsuite name="GameOfLife.BoardTest" tests="8" skipped="0" failures="0" errors="0" timestamp="2022-05-30T01:51:19" hostname="LENOVO" time="0.107">
  <properties/>
  <testcase name="testBoardClassCanBeInitializedWithDimensions()" classname="GameOfLife.BoardTest" time="0.063"/>
  <testcase name="testRowLengthIsAssignedCorrectly()" classname="GameOfLife.BoardTest" time="0.01"/>
  <testcase name="testIsValidIndexMethodWorksWellForValidIndex()" classname="GameOfLife.BoardTest" time="0.005"/>
  <testcase name="testBoardMatrixIsCreatedWithSpecifiedRowLength()" classname="GameOfLife.BoardTest" time="0.004"/>
  <testcase name="testBoardMatrixIsCreated()" classname="GameOfLife.BoardTest" time="0.003"/>
  <testcase name="testIsValidIndexMethodWorksWellForInValidIndex()" classname="GameOfLife.BoardTest" time="0.001"/>
  <testcase name="testBoardMatrixIsCreatedWithSpecifiedColumnLength()" classname="GameOfLife.BoardTest" time="0.003"/>
  <testcase name="testColumnLengthAssignedCorrectly()" classname="GameOfLife.BoardTest" time="0.001"/>
  <system-out><![CDATA[]]></system-out>
  <system-err><![CDATA[]]></system-err>
</testsuite>
