<?xml version="1.0" encoding="UTF-8"?>
<testsuite name="GameOfLife.GameOfLifeTest" tests="8" skipped="0" failures="0" errors="0" timestamp="2022-05-29T09:13:46" hostname="LENOVO" time="0.077">
  <properties/>
  <testcase name="testPlayTheGameMethodExists()" classname="GameOfLife.GameOfLifeTest" time="0.004"/>
  <testcase name="testActiveCellWithFourOrMoreActiveNeighborsDiesCondition()" classname="GameOfLife.GameOfLifeTest" time="0.013"/>
  <testcase name="testIsActiveCellMethodWorksWellForIndexWithoutActiveCell()" classname="GameOfLife.GameOfLifeTest" time="0.004"/>
  <testcase name="testGetActiveNeighbourCellsCountMethodWorksWell()" classname="GameOfLife.GameOfLifeTest" time="0.004"/>
  <testcase name="testActiveCellWithLessThanTwoActiveNeighborsDiesCondition()" classname="GameOfLife.GameOfLifeTest" time="0.006"/>
  <testcase name="testGameOfLifeClassCanBeInitialized()" classname="GameOfLife.GameOfLifeTest" time="0.003"/>
  <testcase name="testIsActiveCellMethodWorksWellForIndexWithActiveCell()" classname="GameOfLife.GameOfLifeTest" time="0.003"/>
  <testcase name="testDirectionsAttributeIsAvailable()" classname="GameOfLife.GameOfLifeTest" time="0.009"/>
  <system-out><![CDATA[]]></system-out>
  <system-err><![CDATA[]]></system-err>
</testsuite>
