<?xml version="1.0" encoding="UTF-8"?>
<testsuite name="GameOfLife.BoardTest" tests="5" skipped="0" failures="0" errors="0" timestamp="2022-05-28T13:05:57" hostname="LENOVO" time="0.082">
  <properties/>
  <testcase name="testBoardClassCanBeInitializedWithDimensions()" classname="GameOfLife.BoardTest" time="0.048"/>
  <testcase name="testRowLengthIsAssignedCorrectly()" classname="GameOfLife.BoardTest" time="0.009"/>
  <testcase name="testBoardMatrixIsCreatedWithSpecifiedRowLength()" classname="GameOfLife.BoardTest" time="0.002"/>
  <testcase name="testBoardMatrixIsCreated()" classname="GameOfLife.BoardTest" time="0.007"/>
  <testcase name="testColumnLengthAssignedCorrectly()" classname="GameOfLife.BoardTest" time="0.003"/>
  <system-out><![CDATA[]]></system-out>
  <system-err><![CDATA[]]></system-err>
</testsuite>
